 * Serving Flask app 'svc'
 * Debug mode: on
[31m[1mWARNING: This is a development server. Do not use it in a production deployment. Use a production WSGI server instead.[0m
 * Running on http://127.0.0.1:3001
[33mPress CTRL+C to quit[0m
 * Restarting with stat
 * Debugger is active!
 * Debugger PIN: 939-847-265
127.0.0.1 - - [25/Feb/2025 19:47:58] "[33mGET / HTTP/1.1[0m" 404 -
127.0.0.1 - - [25/Feb/2025 19:48:01] "[33mGET / HTTP/1.1[0m" 404 -
127.0.0.1 - - [25/Feb/2025 19:52:27] "[33mGET / HTTP/1.1[0m" 404 -
127.0.0.1 - - [25/Feb/2025 19:52:28] "[33mGET / HTTP/1.1[0m" 404 -
 * Detected change in '/Users/biubiu/projects/2genders/svc.py', reloading
 * Restarting with stat
 * Debugger is active!
 * Debugger PIN: 939-847-265
127.0.0.1 - - [25/Feb/2025 19:53:38] "GET / HTTP/1.1" 200 -
127.0.0.1 - - [25/Feb/2025 21:38:27] "OPTIONS /api/profile HTTP/1.1" 200 -
127.0.0.1 - - [25/Feb/2025 21:38:27] "[35m[1mPOST /api/profile HTTP/1.1[0m" 201 -
127.0.0.1 - - [25/Feb/2025 21:38:36] "OPTIONS /api/profile HTTP/1.1" 200 -
127.0.0.1 - - [25/Feb/2025 21:38:36] "[35m[1mPOST /api/profile HTTP/1.1[0m" 201 -
127.0.0.1 - - [25/Feb/2025 21:38:51] "[31m[1mGET /api/profile HTTP/1.1[0m" 405 -
 * Detected change in '/Users/biubiu/projects/2genders/config.py', reloading
 * Restarting with stat
 * Debugger is active!
 * Debugger PIN: 939-847-265
 * Detected change in '/Users/biubiu/projects/2genders/config.py', reloading
 * Restarting with stat
 * Debugger is active!
 * Debugger PIN: 939-847-265
 * Detected change in '/Users/biubiu/projects/2genders/config.py', reloading
 * Restarting with stat
 * Debugger is active!
 * Debugger PIN: 939-847-265
 * Detected change in '/Users/biubiu/projects/2genders/config.py', reloading
 * Restarting with stat
 * Debugger is active!
 * Debugger PIN: 939-847-265
 * Detected change in '/Users/biubiu/projects/2genders/config.py', reloading
 * Restarting with stat
 * Debugger is active!
 * Debugger PIN: 939-847-265
 * Detected change in '/Users/biubiu/projects/2genders/config.py', reloading
 * Restarting with stat
 * Debugger is active!
 * Debugger PIN: 939-847-265
 * Detected change in '/Users/biubiu/projects/2genders/config.py', reloading
 * Restarting with stat
 * Debugger is active!
 * Debugger PIN: 939-847-265
 * Detected change in '/Users/biubiu/projects/2genders/config.py', reloading
 * Restarting with stat
 * Debugger is active!
 * Debugger PIN: 939-847-265
 * Detected change in '/Users/biubiu/projects/2genders/svc.py', reloading
 * Restarting with stat
 * Debugger is active!
 * Debugger PIN: 939-847-265
